0 83.72794641673296 68.98030045351474 2.7278488 0.22264573 80.42319 0.013546467 
1 84.51422036595068 80.85494614512471 0.17155443 0.15595168 0.77285016 0.012364457 
2 86.1509401518165 77.49787414965986 0.1333996 0.16395168 0.29832485 0.012090052 
3 87.97686082935562 83.63183815192744 0.1115244 0.14777155 0.13182278 0.015201036 
4 89.01422865287722 80.66361961451247 0.09626139 0.16068 0.039238233 0.015142097 
5 89.91693392004774 84.07826672335601 0.08573018 0.14718083 0.014556417 0.016790245 
6 91.00573248143728 82.83730158730158 0.081068344 0.14696534 0.019539367 0.015201586 
7 92.21805804163353 83.10126133786848 0.07002576 0.14727254 0.011165247 0.014801387 
8 93.14774761336515 84.68501984126983 0.06291843 0.1395202 0.010528516 0.016538745 
9 93.89206899695041 82.35987103174604 0.057562195 0.15879826 0.010539221 0.017940972 
10 94.5677124767966 80.96832482993197 0.05190832 0.16255826 0.009550272 0.0155172255 
11 95.10745036131 80.62110260770974 0.047331177 0.1702822 0.012014821 0.017976014 
12 95.54893637297799 81.15345096371883 0.04385182 0.17324258 0.008924887 0.019934557 
13 95.84793904136833 81.11004818594104 0.04101206 0.17223716 0.007584639 0.019579627 
14 96.10737163550782 82.79655612244898 0.038583405 0.1783027 0.008608731 0.020963319 
15 96.38275656324582 82.90993480725623 0.03655386 0.17895967 0.00699251 0.020521814 
16 96.55968244497481 80.61578798185941 0.03511993 0.1882037 0.008775522 0.022045033 
17 96.82880038451339 79.29067460317461 0.03292745 0.19684091 0.006515544 0.021659778 
18 97.00298122182446 80.34031320861678 0.0316261 0.18575695 0.0062844437 0.019633794 
19 97.18933348249801 79.27738803854875 0.030124407 0.19851694 0.0064127995 0.022092192 
20 97.36708805688146 81.12599206349206 0.028719913 0.18778065 0.0068552997 0.020422854 
21 97.59653233558738 79.62549603174604 0.026885865 0.19750951 0.00563551 0.022368817 
22 97.79433091355078 78.90979308390023 0.025578223 0.20840724 0.005676306 0.024657479 
23 97.99896620591355 78.39250283446712 0.024092624 0.21021396 0.005963604 0.02395499 
24 98.19894010209494 79.2109552154195 0.022690391 0.20744914 0.005531044 0.02391209 
25 98.44418133452665 79.36507936507937 0.021160295 0.20669487 0.0055825072 0.023343373 
26 98.61965700411031 77.06118905895691 0.020132657 0.2301635 0.006996824 0.026596041 
27 98.79471832736675 77.72817460317461 0.01898536 0.2261383 0.0053207153 0.026474413 
28 98.92559997348184 78.96471088435374 0.018070756 0.224513 0.0048561245 0.025762586 
29 99.07714714266773 78.08336876417233 0.01696933 0.22722378 0.00551363 0.027812934 
30 99.21729978785469 77.91330073696145 0.015726985 0.23973921 0.0048519066 0.02960858 
31 99.28846376955714 77.85306831065759 0.015083841 0.23931174 0.005529664 0.02943941 
32 99.40054445107398 78.29152494331066 0.014142872 0.23116958 0.00508779 0.029930076 
33 99.48610696764784 78.28443877551021 0.0132819535 0.23871987 0.0045318427 0.030927707 
34 99.55866936820472 78.781356292517 0.0125393905 0.24330224 0.0043750587 0.031304587 
35 99.60253828560063 77.99390589569161 0.012000999 0.25097096 0.005632163 0.033753414 
36 99.64770203526916 77.47218679138322 0.0114658745 0.23793617 0.006342034 0.029905783 
37 99.70928425815434 79.12680697278911 0.010724369 0.2443901 0.0042679957 0.033004116 
38 99.74103354547866 77.38803854875283 0.010261534 0.2490623 0.0051530404 0.03312047 
39 99.77019316825776 77.15862386621315 0.009724297 0.24879746 0.004049758 0.033598423 
40 99.79308580283744 76.65816326530613 0.009358994 0.25115973 0.004574608 0.033471994 
41 99.82949648634315 77.9327876984127 0.008728983 0.25304034 0.0039565787 0.03488754 
42 99.8240581907982 77.19848356009071 0.008498934 0.2544815 0.0069251712 0.035091933 
43 99.86979166666667 76.92566609977324 0.00795692 0.25685936 0.0037792423 0.036280252 
44 99.8581381762132 76.98944160997732 0.0078014047 0.2645998 0.0054711886 0.040295005 
45 99.8932022341554 77.52799036281179 0.0073489635 0.26956612 0.005026797 0.04298856 
46 99.8944452731371 77.24808673469387 0.0071268827 0.26406884 0.004353471 0.040271062 
47 99.91417851697163 77.45181405895691 0.0067095757 0.2591928 0.004128 0.039101303 
48 99.9260391805887 77.77423469387755 0.0064408206 0.2641063 0.0040515345 0.040414833 
49 99.93515479978785 77.86015447845806 0.0062469468 0.2746918 0.004013879 0.042761732 
50 99.9333420346062 77.30831916099773 0.006031712 0.2764665 0.0043034377 0.045139603 
51 99.94535807809599 77.47661564625851 0.0057791234 0.27883106 0.0034886326 0.04715048 
52 99.90718642269955 77.95227465986395 0.0059449845 0.2787573 0.008818827 0.04354822 
53 99.95525059665871 77.23480017006803 0.005428447 0.27574864 0.0041815047 0.04398355 
54 99.9611550318218 78.2047193877551 0.005186234 0.278601 0.0035218345 0.049731683 
55 99.93924646976929 77.32869189342404 0.0052393405 0.28376982 0.0072706053 0.04323138 
56 99.94499552505967 77.43055555555556 0.0050849407 0.273437 0.00608864 0.03988822 
57 99.9708403772209 78.28443877551021 0.0047068843 0.2783274 0.0033791843 0.046661817 
58 99.95193582604084 76.82468820861678 0.004729669 0.2792726 0.006250451 0.044096734 
59 99.97280852227526 77.92570153061224 0.004386808 0.2800935 0.003909375 0.045332216 
60 99.98275283412887 77.4969883786848 0.004148399 0.27611712 0.0028752175 0.046422224 
61 99.96063709891276 77.10547760770974 0.004327999 0.27797616 0.004801569 0.049995016 
62 99.9829082140016 77.35349348072562 0.0039746994 0.27807713 0.0030549592 0.049932234 
63 99.98321897374701 76.91149376417233 0.0038757452 0.27618107 0.0036507207 0.041329987 
64 99.97182444974808 77.33843537414965 0.0038434106 0.28540954 0.0042055394 0.049490463 
65 99.97892013060196 76.85923327664399 0.0036434953 0.28713283 0.0033046105 0.048947956 
66 99.97736633187483 77.65908446712018 0.0036436608 0.30005977 0.0040686354 0.05591294 
67 99.9672148468576 77.90975765306122 0.0035946928 0.29996037 0.0057525337 0.05404148 
68 99.96291600371255 78.42084750566893 0.0035958858 0.2857199 0.005310917 0.05124809 
69 99.97399976796606 78.04085175736961 0.0034208135 0.28063962 0.004570853 0.04666671 
70 99.9804739293291 77.24188633786848 0.0032417588 0.29574463 0.0038763261 0.05572911 
71 99.98037034274728 78.06476757369614 0.0032486448 0.2965188 0.0036489402 0.0572443 
72 99.98114724211085 77.81675170068027 0.0031221726 0.2915057 0.0033799808 0.057774883 
73 99.97011527114823 77.70603032879819 0.0032591177 0.3089511 0.0041207387 0.06506789 
74 99.9781950245293 77.4828160430839 0.003062346 0.30672514 0.0033023027 0.05995114 
75 99.99098796738265 77.96910430839003 0.002852311 0.30958435 0.0030622245 0.06603721 
76 99.9890716156192 77.32692035147392 0.0028883652 0.31188318 0.0026146781 0.065835126 
77 99.98213131463802 77.95227465986395 0.0029101945 0.32231122 0.0036180392 0.06686083 
78 99.9829082140016 77.85661139455782 0.0027631556 0.3083691 0.003680068 0.06443317 
79 99.98016316958366 78.25077947845806 0.0027989752 0.30069137 0.0037958906 0.05518802 
80 99.96985630469372 78.08691184807256 0.002822237 0.3233335 0.0043885433 0.06703209 
81 99.98870906258287 77.15065192743764 0.002631769 0.30403316 0.0031926318 0.06285324 
82 99.98637836449218 77.41372590702947 0.0025816706 0.32351345 0.003446421 0.07078051 
83 99.98156158843808 77.67237103174604 0.0025185354 0.32645056 0.0040694494 0.07651363 
84 99.97902371718376 77.99567743764172 0.0025679683 0.33215374 0.0036898782 0.07672267 
85 99.98684450411031 78.15865929705215 0.0024217137 0.34824577 0.0028133239 0.085264355 
86 99.98321897374701 77.82118055555556 0.0024630676 0.33315787 0.004134237 0.079172455 
87 99.97384438809334 78.75389739229026 0.0025118268 0.33064494 0.0041284612 0.077943794 
88 99.98021496287457 78.2782383786848 0.0024454298 0.3473203 0.00478025 0.09003493 
89 99.98891623574649 77.96201814058956 0.0023487029 0.3244565 0.003318496 0.07460102 
90 99.98088827565633 78.19763321995465 0.0023770917 0.33686548 0.0040637967 0.07668088 
91 99.97876475072925 78.72909580498866 0.002400303 0.3293012 0.003636676 0.08018297 
92 99.96638615420314 77.98947704081633 0.0024015335 0.32183605 0.0053373654 0.07588383 
93 99.99295611243701 78.20737670068027 0.0021038817 0.33528477 0.0025777514 0.0817566 
94 99.98845009612835 77.65731292517007 0.0022317106 0.31591755 0.0024988698 0.07016307 
95 99.98052572262 77.43498441043084 0.0021996484 0.31759346 0.0036778366 0.068046674 
96 99.97363721492972 77.9203869047619 0.0022569196 0.3325425 0.00419321 0.07944943 
97 99.97648584592946 78.54574121315193 0.0022127503 0.33479676 0.004817223 0.08682286 
98 99.98560146512861 78.21180555555556 0.002035994 0.3278493 0.004133835 0.0757741 
99 99.9926453526916 77.41106859410431 0.0020304124 0.32685822 0.0025354032 0.07179526 
